<?xml version="1.0" encoding="UTF-8"?>
<!-- Generated by org.testng.reporters.JUnitReportReporter -->
<testsuite hostname="AnaCh" failures="0" tests="2" name="com.smart.AutomationTest" time="0.010" errors="0" timestamp="2023-05-20T11:01:39 EDT" skipped="0">
  <testcase classname="com.smart.AutomationTest" name="testOne" time="0.008"/>
  <system-out/>
  <testcase classname="com.smart.AutomationTest" name="testTwo" time="0.002"/>
  <system-out/>
</testsuite> <!-- com.smart.AutomationTest -->
