<?xml version="1.0" encoding="UTF-8"?>
<!-- Generated by org.testng.reporters.JUnitReportReporter -->
<testsuite hostname="AnaCh" failures="0" tests="3" name="com.smart.test.DataProviderTest" time="0.016" errors="0" timestamp="2023-05-20T14:17:15 EDT" skipped="0">
  <testcase classname="com.smart.test.DataProviderTest" name="testData_Provider" time="0.001"/>
  <system-out/>
  <testcase classname="com.smart.test.DataProviderTest" name="testData_Provider" time="0.006"/>
  <system-out/>
  <testcase classname="com.smart.test.DataProviderTest" name="testData_Provider" time="0.009"/>
  <system-out/>
</testsuite> <!-- com.smart.test.DataProviderTest -->
